<?xml version="1.0" encoding="UTF-8"?>
<testng-results ignored="0" total="1" passed="1" failed="0" skipped="0">
  <reporter-output>
  </reporter-output>
  <suite started-at="2025-11-05T16:07:20 IST" name="Default suite" finished-at="2025-11-05T16:08:21 IST" duration-ms="60969">
    <groups>
    </groups>
    <test started-at="2025-11-05T16:07:20 IST" name="Default test" finished-at="2025-11-05T16:08:21 IST" duration-ms="60969">
      <class name="org.test.Test4">
        <test-method is-config="true" signature="setUp()[pri:0, instance:org.test.Test4@74e52ef6]" started-at="2025-11-05T16:07:21 IST" name="setUp" finished-at="2025-11-05T16:07:27 IST" duration-ms="6344" status="PASS">
          <reporter-output>
          </reporter-output>
        </test-method> <!-- setUp -->
        <test-method signature="rentXQuoteWorkflow()[pri:0, instance:org.test.Test4@74e52ef6]" started-at="2025-11-05T16:07:27 IST" name="rentXQuoteWorkflow" finished-at="2025-11-05T16:08:21 IST" duration-ms="53833" status="PASS">
          <reporter-output>
          </reporter-output>
        </test-method> <!-- rentXQuoteWorkflow -->
        <test-method is-config="true" signature="tearDown()[pri:0, instance:org.test.Test4@74e52ef6]" started-at="2025-11-05T16:08:21 IST" name="tearDown" finished-at="2025-11-05T16:08:21 IST" duration-ms="283" status="PASS">
          <reporter-output>
          </reporter-output>
        </test-method> <!-- tearDown -->
      </class> <!-- org.test.Test4 -->
    </test> <!-- Default test -->
  </suite> <!-- Default suite -->
</testng-results>
